==> Making package: mingw-w64-google-glog 0.3.4-1 (Fri, Mar 11, 2016  2:17:39 AM)
==> Checking runtime dependencies...
==> Checking buildtime dependencies...
==> Retrieving sources...
  -> Found v0.3.4.tar.gz
==> Validating source files with sha256sums...
    v0.3.4.tar.gz ... Passed
==> Extracting sources...
  -> Extracting v0.3.4.tar.gz with bsdtar
==> Removing existing $pkgdir/ directory...
==> Starting build()...
checking for a BSD-compatible install... /usr/bin/install -c
checking whether build environment is sane... yes
/home/y_sasaki/projects/mingw-packages-supplements/mingw-w64-google-glog/src/glog-0.3.4/missing: Unknown `--is-lightweight' option
Try `/home/y_sasaki/projects/mingw-packages-supplements/mingw-w64-google-glog/src/glog-0.3.4/missing --help' for more information
configure: WARNING: 'missing' script is too old or missing
checking for a thread-safe mkdir -p... /usr/bin/mkdir -p
checking for gawk... gawk
checking whether make sets $(MAKE)... yes
checking whether make supports nested variables... yes
checking for gcc... gcc
checking whether the C compiler works... yes
checking for C compiler default output file name... a.exe
checking for suffix of executables... .exe
checking whether we are cross compiling... no
checking for suffix of object files... o
checking whether we are using the GNU C compiler... yes
checking whether gcc accepts -g... yes
checking for gcc option to accept ISO C89... none needed
checking whether gcc understands -c and -o together... yes
checking for style of include used by make... GNU
checking dependency style of gcc... gcc3
checking how to run the C preprocessor... gcc -E
checking for g++... g++
checking whether we are using the GNU C++ compiler... yes
checking whether g++ accepts -g... yes
checking dependency style of g++... gcc3
checking build system type... x86_64-pc-mingw32
checking host system type... x86_64-pc-mingw32
checking how to print strings... printf
checking for a sed that does not truncate output... /usr/bin/sed
checking for grep that handles long lines and -e... /usr/bin/grep
checking for egrep... /usr/bin/grep -E
checking for fgrep... /usr/bin/grep -F
checking for ld used by gcc... C:/opt/msys64/mingw64/x86_64-w64-mingw32/bin/ld.exe
checking if the linker (C:/opt/msys64/mingw64/x86_64-w64-mingw32/bin/ld.exe) is GNU ld... yes
checking for BSD- or MS-compatible name lister (nm)... /mingw64/bin/nm -B
checking the name lister (/mingw64/bin/nm -B) interface... BSD nm
checking whether ln -s works... yes
checking the maximum length of command line arguments... 8192
checking whether the shell understands some XSI constructs... yes
checking whether the shell understands "+="... yes
checking how to convert x86_64-pc-mingw32 file names to x86_64-pc-mingw32 format... func_convert_file_msys_to_w32
checking how to convert x86_64-pc-mingw32 file names to toolchain format... func_convert_file_msys_to_w32
checking for C:/opt/msys64/mingw64/x86_64-w64-mingw32/bin/ld.exe option to reload object files... -r
checking for objdump... objdump
checking how to recognize dependent libraries... file_magic ^x86 archive import|^x86 DLL
checking for dlltool... dlltool
checking how to associate runtime and link libraries... func_cygming_dll_for_implib
checking for ar... ar
checking for archiver @FILE support... @
checking for strip... strip
checking for ranlib... ranlib
checking command to parse /mingw64/bin/nm -B output from gcc object... ok
checking for sysroot... no
checking for mt... no
checking if : is a manifest tool... no
checking for ANSI C header files... no
checking for sys/types.h... yes
checking for sys/stat.h... yes
checking for stdlib.h... yes
checking for string.h... yes
checking for memory.h... yes
checking for strings.h... yes
checking for inttypes.h... yes
checking for stdint.h... yes
checking for unistd.h... yes
checking for dlfcn.h... no
checking for objdir... .libs
checking if gcc supports -fno-rtti -fno-exceptions... no
checking for gcc option to produce PIC... -DDLL_EXPORT -DPIC
checking if gcc PIC flag -DDLL_EXPORT -DPIC works... yes
checking if gcc static flag -static works... yes
checking if gcc supports -c -o file.o... yes
checking if gcc supports -c -o file.o... (cached) yes
checking whether the gcc linker (C:/opt/msys64/mingw64/x86_64-w64-mingw32/bin/ld.exe) supports shared libraries... yes
checking whether -lc should be explicitly linked in... yes
checking dynamic linker characteristics... Win32 ld.exe
checking how to hardcode library paths into programs... immediate
checking whether stripping libraries is possible... yes
checking if libtool supports shared libraries... yes
checking whether to build shared libraries... yes
checking whether to build static libraries... yes
checking how to run the C++ preprocessor... g++ -E
checking for ld used by g++... C:/opt/msys64/mingw64/x86_64-w64-mingw32/bin/ld.exe
checking if the linker (C:/opt/msys64/mingw64/x86_64-w64-mingw32/bin/ld.exe) is GNU ld... yes
checking whether the g++ linker (C:/opt/msys64/mingw64/x86_64-w64-mingw32/bin/ld.exe) supports shared libraries... yes
checking for g++ option to produce PIC... -DDLL_EXPORT -DPIC
checking if g++ PIC flag -DDLL_EXPORT -DPIC works... yes
checking if g++ static flag -static works... yes
checking if g++ supports -c -o file.o... yes
checking if g++ supports -c -o file.o... (cached) yes
checking whether the g++ linker (C:/opt/msys64/mingw64/x86_64-w64-mingw32/bin/ld.exe) supports shared libraries... yes
checking dynamic linker characteristics... Win32 ld.exe
checking how to hardcode library paths into programs... immediate
checking for ANSI C header files... (cached) no
checking for stdint.h... (cached) yes
checking for sys/types.h... (cached) yes
checking for inttypes.h... (cached) yes
checking for unistd.h... (cached) yes
checking syscall.h usability... no
checking syscall.h presence... no
checking for syscall.h... no
checking sys/syscall.h usability... no
checking sys/syscall.h presence... no
checking for sys/syscall.h... no
checking execinfo.h usability... no
checking execinfo.h presence... no
checking for execinfo.h... no
checking libunwind.h usability... no
checking libunwind.h presence... no
checking for libunwind.h... no
checking ucontext.h usability... no
checking ucontext.h presence... no
checking for ucontext.h... no
checking sys/utsname.h usability... no
checking sys/utsname.h presence... no
checking for sys/utsname.h... no
checking pwd.h usability... no
checking pwd.h presence... no
checking for pwd.h... no
checking syslog.h usability... no
checking syslog.h presence... no
checking for syslog.h... no
checking sys/time.h usability... yes
checking sys/time.h presence... yes
checking for sys/time.h... yes
checking glob.h usability... no
checking glob.h presence... no
checking for glob.h... no
checking unwind.h usability... yes
checking unwind.h presence... yes
checking for unwind.h... yes
checking windows.h usability... yes
checking windows.h presence... yes
checking for windows.h... yes
checking size of void *... 8
checking for uint16_t... yes
checking for u_int16_t... no
checking for __uint16... no
checking for sigaltstack... no
checking for sigaction... no
checking for dladdr... no
checking for fcntl... no
checking for pread... no
checking for pwrite... no
checking for __attribute__... yes
checking for __builtin_expect... yes
checking for __sync_val_compare_and_swap... yes
checking for the pthreads library -lpthreads... no
checking whether pthreads work without any flags... yes
checking for joinable pthread attribute... PTHREAD_CREATE_JOINABLE
checking if more special flags are required for pthreads... no
checking whether to check for GCC pthread/shared inconsistencies... no
checking for pthread_self in -lpthread... yes
checking for main in -lgflags... no
checking for gtest-config... no
checking for main in -lgtest... yes
checking support for pthread_rwlock_* functions... yes
checking whether the compiler implements namespaces... yes
checking what namespace STL code is in... std
checking whether compiler supports using ::operator<<... 1
checking for ucontext.h... (cached) no
checking sys/ucontext.h usability... no
checking sys/ucontext.h presence... no
checking for sys/ucontext.h... no
checking how to access the program counter from a struct ucontext... configure: WARNING: Could not find the PC.  Will not output failed addresses...
checking that generated files are newer than configure... done
configure: creating ./config.status
config.status: creating Makefile
config.status: creating src/glog/logging.h
config.status: creating src/glog/raw_logging.h
config.status: creating src/glog/vlog_is_on.h
config.status: creating src/glog/stl_logging.h
config.status: creating libglog.pc
config.status: creating src/config.h
config.status: src/config.h is unchanged
config.status: executing depfiles commands
config.status: executing libtool commands
/bin/sh ./libtool  --tag=CXX   --mode=compile g++ -DHAVE_CONFIG_H -I. -I./src  -I./src -D_FORTIFY_SOURCE=2 -D__USE_MINGW_ANSI_STDIO=1   -Isrc/windows -Wall -Wwrite-strings -Woverloaded-virtual -Wno-sign-compare  -DNO_FRAME_POINTER  -DNDEBUG -march=x86-64 -mtune=generic -O2 -pipe -MT src/libglog_la-logging.lo -MD -MP -MF src/.deps/libglog_la-logging.Tpo -c -o src/libglog_la-logging.lo `test -f 'src/logging.cc' || echo './'`src/logging.cc
/bin/sh ./libtool  --tag=CXX   --mode=compile g++ -DHAVE_CONFIG_H -I. -I./src  -I./src -D_FORTIFY_SOURCE=2 -D__USE_MINGW_ANSI_STDIO=1   -Isrc/windows -Wall -Wwrite-strings -Woverloaded-virtual -Wno-sign-compare  -DNO_FRAME_POINTER  -DNDEBUG -march=x86-64 -mtune=generic -O2 -pipe -MT src/libglog_la-raw_logging.lo -MD -MP -MF src/.deps/libglog_la-raw_logging.Tpo -c -o src/libglog_la-raw_logging.lo `test -f 'src/raw_logging.cc' || echo './'`src/raw_logging.cc
/bin/sh ./libtool  --tag=CXX   --mode=compile g++ -DHAVE_CONFIG_H -I. -I./src  -I./src -D_FORTIFY_SOURCE=2 -D__USE_MINGW_ANSI_STDIO=1   -Isrc/windows -Wall -Wwrite-strings -Woverloaded-virtual -Wno-sign-compare  -DNO_FRAME_POINTER  -DNDEBUG -march=x86-64 -mtune=generic -O2 -pipe -MT src/libglog_la-vlog_is_on.lo -MD -MP -MF src/.deps/libglog_la-vlog_is_on.Tpo -c -o src/libglog_la-vlog_is_on.lo `test -f 'src/vlog_is_on.cc' || echo './'`src/vlog_is_on.cc
/bin/sh ./libtool  --tag=CXX   --mode=compile g++ -DHAVE_CONFIG_H -I. -I./src  -I./src -D_FORTIFY_SOURCE=2 -D__USE_MINGW_ANSI_STDIO=1   -Isrc/windows -Wall -Wwrite-strings -Woverloaded-virtual -Wno-sign-compare  -DNO_FRAME_POINTER  -DNDEBUG -march=x86-64 -mtune=generic -O2 -pipe -MT src/libglog_la-utilities.lo -MD -MP -MF src/.deps/libglog_la-utilities.Tpo -c -o src/libglog_la-utilities.lo `test -f 'src/utilities.cc' || echo './'`src/utilities.cc
/bin/sh ./libtool  --tag=CXX   --mode=compile g++ -DHAVE_CONFIG_H -I. -I./src  -I./src -D_FORTIFY_SOURCE=2 -D__USE_MINGW_ANSI_STDIO=1   -Isrc/windows -Wall -Wwrite-strings -Woverloaded-virtual -Wno-sign-compare  -DNO_FRAME_POINTER  -DNDEBUG -march=x86-64 -mtune=generic -O2 -pipe -MT src/libglog_la-symbolize.lo -MD -MP -MF src/.deps/libglog_la-symbolize.Tpo -c -o src/libglog_la-symbolize.lo `test -f 'src/symbolize.cc' || echo './'`src/symbolize.cc
libtool: compile:  g++ -DHAVE_CONFIG_H -I. -I./src -I./src -D_FORTIFY_SOURCE=2 -D__USE_MINGW_ANSI_STDIO=1 -Isrc/windows -Wall -Wwrite-strings -Woverloaded-virtual -Wno-sign-compare -DNO_FRAME_POINTER -DNDEBUG -march=x86-64 -mtune=generic -O2 -pipe -MT src/libglog_la-vlog_is_on.lo -MD -MP -MF src/.deps/libglog_la-vlog_is_on.Tpo -c src/vlog_is_on.cc  -DDLL_EXPORT -DPIC -o src/.libs/libglog_la-vlog_is_on.o
libtool: compile:  g++ -DHAVE_CONFIG_H -I. -I./src -I./src -D_FORTIFY_SOURCE=2 -D__USE_MINGW_ANSI_STDIO=1 -Isrc/windows -Wall -Wwrite-strings -Woverloaded-virtual -Wno-sign-compare -DNO_FRAME_POINTER -DNDEBUG -march=x86-64 -mtune=generic -O2 -pipe -MT src/libglog_la-utilities.lo -MD -MP -MF src/.deps/libglog_la-utilities.Tpo -c src/utilities.cc  -DDLL_EXPORT -DPIC -o src/.libs/libglog_la-utilities.o
libtool: compile:  g++ -DHAVE_CONFIG_H -I. -I./src -I./src -D_FORTIFY_SOURCE=2 -D__USE_MINGW_ANSI_STDIO=1 -Isrc/windows -Wall -Wwrite-strings -Woverloaded-virtual -Wno-sign-compare -DNO_FRAME_POINTER -DNDEBUG -march=x86-64 -mtune=generic -O2 -pipe -MT src/libglog_la-raw_logging.lo -MD -MP -MF src/.deps/libglog_la-raw_logging.Tpo -c src/raw_logging.cc  -DDLL_EXPORT -DPIC -o src/.libs/libglog_la-raw_logging.o
libtool: compile:  g++ -DHAVE_CONFIG_H -I. -I./src -I./src -D_FORTIFY_SOURCE=2 -D__USE_MINGW_ANSI_STDIO=1 -Isrc/windows -Wall -Wwrite-strings -Woverloaded-virtual -Wno-sign-compare -DNO_FRAME_POINTER -DNDEBUG -march=x86-64 -mtune=generic -O2 -pipe -MT src/libglog_la-logging.lo -MD -MP -MF src/.deps/libglog_la-logging.Tpo -c src/logging.cc  -DDLL_EXPORT -DPIC -o src/.libs/libglog_la-logging.o
libtool: compile:  g++ -DHAVE_CONFIG_H -I. -I./src -I./src -D_FORTIFY_SOURCE=2 -D__USE_MINGW_ANSI_STDIO=1 -Isrc/windows -Wall -Wwrite-strings -Woverloaded-virtual -Wno-sign-compare -DNO_FRAME_POINTER -DNDEBUG -march=x86-64 -mtune=generic -O2 -pipe -MT src/libglog_la-symbolize.lo -MD -MP -MF src/.deps/libglog_la-symbolize.Tpo -c src/symbolize.cc  -DDLL_EXPORT -DPIC -o src/.libs/libglog_la-symbolize.o
In file included from src/utilities.h:78:0,
                 from src/vlog_is_on.cc:35:
src/windows/port.h:135:15: error: conflicting declaration 'typedef DWORD pthread_t'
 typedef DWORD pthread_t;
               ^
In file included from C:/opt/msys64/mingw64/include/c++/5.3.0/x86_64-w64-mingw32/bits/gthr-default.h:35:0,
                 from C:/opt/msys64/mingw64/include/c++/5.3.0/x86_64-w64-mingw32/bits/gthr.h:148,
                 from C:/opt/msys64/mingw64/include/c++/5.3.0/ext/atomicity.h:35,
                 from C:/opt/msys64/mingw64/include/c++/5.3.0/bits/basic_string.h:39,
                 from C:/opt/msys64/mingw64/include/c++/5.3.0/string:52,
                 from src/utilities.h:75,
                 from src/vlog_is_on.cc:35:
C:/opt/msys64/mingw64/x86_64-w64-mingw32/include/pthread.h:196:19: note: previous declaration as 'typedef uintptr_t pthread_t'
 typedef uintptr_t pthread_t;
                   ^
In file included from src/utilities.h:78:0,
                 from src/vlog_is_on.cc:35:
src/windows/port.h:136:15: error: conflicting declaration 'typedef DWORD pthread_key_t'
 typedef DWORD pthread_key_t;
               ^
In file included from C:/opt/msys64/mingw64/include/c++/5.3.0/x86_64-w64-mingw32/bits/gthr-default.h:35:0,
                 from C:/opt/msys64/mingw64/include/c++/5.3.0/x86_64-w64-mingw32/bits/gthr.h:148,
                 from C:/opt/msys64/mingw64/include/c++/5.3.0/ext/atomicity.h:35,
                 from C:/opt/msys64/mingw64/include/c++/5.3.0/bits/basic_string.h:39,
                 from C:/opt/msys64/mingw64/include/c++/5.3.0/string:52,
                 from src/utilities.h:75,
                 from src/vlog_is_on.cc:35:
C:/opt/msys64/mingw64/x86_64-w64-mingw32/include/pthread.h:182:18: note: previous declaration as 'typedef unsigned int pthread_key_t'
 typedef unsigned pthread_key_t;
                  ^
src/windows/port.h:138:8: error: expected identifier before numeric constant
 enum { PTHREAD_ONCE_INIT = 0 };   // important that this be 0! for SpinLock
        ^
src/windows/port.h:138:8: error: expected '}' before numeric constant
src/windows/port.h:138:8: error: expected unqualified-id before numeric constant
In file included from src/utilities.h:78:0,
                 from src/vlog_is_on.cc:35:
src/windows/port.h:138:30: error: expected declaration before '}' token
 enum { PTHREAD_ONCE_INIT = 0 };   // important that this be 0! for SpinLock
                              ^
Makefile:1184: recipe for target 'src/libglog_la-vlog_is_on.lo' failed
make: *** [src/libglog_la-vlog_is_on.lo] Error 1
make: *** Waiting for unfinished jobs....
In file included from src/utilities.h:78:0,
                 from src/utilities.cc:32:
src/windows/port.h:135:15: error: conflicting declaration 'typedef DWORD pthread_t'
 typedef DWORD pthread_t;
               ^
In file included from C:/opt/msys64/mingw64/include/c++/5.3.0/x86_64-w64-mingw32/bits/gthr-default.h:35:0,
                 from C:/opt/msys64/mingw64/include/c++/5.3.0/x86_64-w64-mingw32/bits/gthr.h:148,
                 from C:/opt/msys64/mingw64/include/c++/5.3.0/ext/atomicity.h:35,
                 from C:/opt/msys64/mingw64/include/c++/5.3.0/bits/basic_string.h:39,
                 from C:/opt/msys64/mingw64/include/c++/5.3.0/string:52,
                 from src/utilities.h:75,
                 from src/utilities.cc:32:
C:/opt/msys64/mingw64/x86_64-w64-mingw32/include/pthread.h:196:19: note: previous declaration as 'typedef uintptr_t pthread_t'
 typedef uintptr_t pthread_t;
                   ^
In file included from src/utilities.h:78:0,
                 from src/utilities.cc:32:
src/windows/port.h:136:15: error: conflicting declaration 'typedef DWORD pthread_key_t'
 typedef DWORD pthread_key_t;
               ^
In file included from C:/opt/msys64/mingw64/include/c++/5.3.0/x86_64-w64-mingw32/bits/gthr-default.h:35:0,
                 from C:/opt/msys64/mingw64/include/c++/5.3.0/x86_64-w64-mingw32/bits/gthr.h:148,
                 from C:/opt/msys64/mingw64/include/c++/5.3.0/ext/atomicity.h:35,
                 from C:/opt/msys64/mingw64/include/c++/5.3.0/bits/basic_string.h:39,
                 from C:/opt/msys64/mingw64/include/c++/5.3.0/string:52,
                 from src/utilities.h:75,
                 from src/utilities.cc:32:
C:/opt/msys64/mingw64/x86_64-w64-mingw32/include/pthread.h:182:18: note: previous declaration as 'typedef unsigned int pthread_key_t'
 typedef unsigned pthread_key_t;
                  ^
src/windows/port.h:138:8: error: expected identifier before numeric constant
 enum { PTHREAD_ONCE_INIT = 0 };   // important that this be 0! for SpinLock
        ^
src/windows/port.h:138:8: error: expected '}' before numeric constant
src/windows/port.h:138:8: error: expected unqualified-id before numeric constant
In file included from src/utilities.h:78:0,
                 from src/utilities.cc:32:
src/windows/port.h:138:30: error: expected declaration before '}' token
 enum { PTHREAD_ONCE_INIT = 0 };   // important that this be 0! for SpinLock
                              ^
In file included from src/utilities.h:78:0,
                 from src/raw_logging.cc:34:
src/windows/port.h:135:15: error: conflicting declaration 'typedef DWORD pthread_t'
 typedef DWORD pthread_t;
               ^
In file included from C:/opt/msys64/mingw64/include/c++/5.3.0/x86_64-w64-mingw32/bits/gthr-default.h:35:0,
                 from C:/opt/msys64/mingw64/include/c++/5.3.0/x86_64-w64-mingw32/bits/gthr.h:148,
                 from C:/opt/msys64/mingw64/include/c++/5.3.0/ext/atomicity.h:35,
                 from C:/opt/msys64/mingw64/include/c++/5.3.0/bits/basic_string.h:39,
                 from C:/opt/msys64/mingw64/include/c++/5.3.0/string:52,
                 from src/utilities.h:75,
                 from src/raw_logging.cc:34:
C:/opt/msys64/mingw64/x86_64-w64-mingw32/include/pthread.h:196:19: note: previous declaration as 'typedef uintptr_t pthread_t'
 typedef uintptr_t pthread_t;
                   ^
In file included from src/utilities.h:78:0,
                 from src/raw_logging.cc:34:
src/windows/port.h:136:15: error: conflicting declaration 'typedef DWORD pthread_key_t'
 typedef DWORD pthread_key_t;
               ^
In file included from C:/opt/msys64/mingw64/include/c++/5.3.0/x86_64-w64-mingw32/bits/gthr-default.h:35:0,
                 from C:/opt/msys64/mingw64/include/c++/5.3.0/x86_64-w64-mingw32/bits/gthr.h:148,
                 from C:/opt/msys64/mingw64/include/c++/5.3.0/ext/atomicity.h:35,
                 from C:/opt/msys64/mingw64/include/c++/5.3.0/bits/basic_string.h:39,
                 from C:/opt/msys64/mingw64/include/c++/5.3.0/string:52,
                 from src/utilities.h:75,
                 from src/raw_logging.cc:34:
C:/opt/msys64/mingw64/x86_64-w64-mingw32/include/pthread.h:182:18: note: previous declaration as 'typedef unsigned int pthread_key_t'
 typedef unsigned pthread_key_t;
                  ^
src/windows/port.h:138:8: error: expected identifier before numeric constant
 enum { PTHREAD_ONCE_INIT = 0 };   // important that this be 0! for SpinLock
        ^
src/windows/port.h:138:8: error: expected '}' before numeric constant
src/windows/port.h:138:8: error: expected unqualified-id before numeric constant
In file included from src/utilities.h:78:0,
                 from src/raw_logging.cc:34:
src/windows/port.h:138:30: error: expected declaration before '}' token
 enum { PTHREAD_ONCE_INIT = 0 };   // important that this be 0! for SpinLock
                              ^
In file included from src/utilities.h:78:0,
                 from src/symbolize.cc:55:
src/windows/port.h:135:15: error: conflicting declaration 'typedef DWORD pthread_t'
 typedef DWORD pthread_t;
               ^
In file included from C:/opt/msys64/mingw64/include/c++/5.3.0/x86_64-w64-mingw32/bits/gthr-default.h:35:0,
                 from C:/opt/msys64/mingw64/include/c++/5.3.0/x86_64-w64-mingw32/bits/gthr.h:148,
                 from C:/opt/msys64/mingw64/include/c++/5.3.0/ext/atomicity.h:35,
                 from C:/opt/msys64/mingw64/include/c++/5.3.0/bits/basic_string.h:39,
                 from C:/opt/msys64/mingw64/include/c++/5.3.0/string:52,
                 from src/utilities.h:75,
                 from src/symbolize.cc:55:
C:/opt/msys64/mingw64/x86_64-w64-mingw32/include/pthread.h:196:19: note: previous declaration as 'typedef uintptr_t pthread_t'
 typedef uintptr_t pthread_t;
                   ^
In file included from src/utilities.h:78:0,
                 from src/symbolize.cc:55:
src/windows/port.h:136:15: error: conflicting declaration 'typedef DWORD pthread_key_t'
 typedef DWORD pthread_key_t;
               ^
In file included from C:/opt/msys64/mingw64/include/c++/5.3.0/x86_64-w64-mingw32/bits/gthr-default.h:35:0,
                 from C:/opt/msys64/mingw64/include/c++/5.3.0/x86_64-w64-mingw32/bits/gthr.h:148,
                 from C:/opt/msys64/mingw64/include/c++/5.3.0/ext/atomicity.h:35,
                 from C:/opt/msys64/mingw64/include/c++/5.3.0/bits/basic_string.h:39,
                 from C:/opt/msys64/mingw64/include/c++/5.3.0/string:52,
                 from src/utilities.h:75,
                 from src/symbolize.cc:55:
C:/opt/msys64/mingw64/x86_64-w64-mingw32/include/pthread.h:182:18: note: previous declaration as 'typedef unsigned int pthread_key_t'
 typedef unsigned pthread_key_t;
                  ^
src/windows/port.h:138:8: error: expected identifier before numeric constant
 enum { PTHREAD_ONCE_INIT = 0 };   // important that this be 0! for SpinLock
        ^
src/windows/port.h:138:8: error: expected '}' before numeric constant
src/windows/port.h:138:8: error: expected unqualified-id before numeric constant
In file included from src/utilities.h:78:0,
                 from src/symbolize.cc:55:
src/windows/port.h:138:30: error: expected declaration before '}' token
 enum { PTHREAD_ONCE_INIT = 0 };   // important that this be 0! for SpinLock
                              ^
Makefile:1191: recipe for target 'src/libglog_la-utilities.lo' failed
make: *** [src/libglog_la-utilities.lo] Error 1
In file included from src/utilities.h:78:0,
                 from src/logging.cc:32:
src/windows/port.h:135:15: error: conflicting declaration 'typedef DWORD pthread_t'
 typedef DWORD pthread_t;
               ^
In file included from C:/opt/msys64/mingw64/include/c++/5.3.0/x86_64-w64-mingw32/bits/gthr-default.h:35:0,
                 from C:/opt/msys64/mingw64/include/c++/5.3.0/x86_64-w64-mingw32/bits/gthr.h:148,
                 from C:/opt/msys64/mingw64/include/c++/5.3.0/ext/atomicity.h:35,
                 from C:/opt/msys64/mingw64/include/c++/5.3.0/bits/basic_string.h:39,
                 from C:/opt/msys64/mingw64/include/c++/5.3.0/string:52,
                 from src/utilities.h:75,
                 from src/logging.cc:32:
C:/opt/msys64/mingw64/x86_64-w64-mingw32/include/pthread.h:196:19: note: previous declaration as 'typedef uintptr_t pthread_t'
 typedef uintptr_t pthread_t;
                   ^
In file included from src/utilities.h:78:0,
                 from src/logging.cc:32:
src/windows/port.h:136:15: error: conflicting declaration 'typedef DWORD pthread_key_t'
 typedef DWORD pthread_key_t;
               ^
In file included from C:/opt/msys64/mingw64/include/c++/5.3.0/x86_64-w64-mingw32/bits/gthr-default.h:35:0,
                 from C:/opt/msys64/mingw64/include/c++/5.3.0/x86_64-w64-mingw32/bits/gthr.h:148,
                 from C:/opt/msys64/mingw64/include/c++/5.3.0/ext/atomicity.h:35,
                 from C:/opt/msys64/mingw64/include/c++/5.3.0/bits/basic_string.h:39,
                 from C:/opt/msys64/mingw64/include/c++/5.3.0/string:52,
                 from src/utilities.h:75,
                 from src/logging.cc:32:
C:/opt/msys64/mingw64/x86_64-w64-mingw32/include/pthread.h:182:18: note: previous declaration as 'typedef unsigned int pthread_key_t'
 typedef unsigned pthread_key_t;
                  ^
src/windows/port.h:138:8: error: expected identifier before numeric constant
 enum { PTHREAD_ONCE_INIT = 0 };   // important that this be 0! for SpinLock
        ^
src/windows/port.h:138:8: error: expected '}' before numeric constant
src/windows/port.h:138:8: error: expected unqualified-id before numeric constant
In file included from src/utilities.h:78:0,
                 from src/logging.cc:32:
src/windows/port.h:138:30: error: expected declaration before '}' token
 enum { PTHREAD_ONCE_INIT = 0 };   // important that this be 0! for SpinLock
                              ^
Makefile:1177: recipe for target 'src/libglog_la-raw_logging.lo' failed
make: *** [src/libglog_la-raw_logging.lo] Error 1
Makefile:1205: recipe for target 'src/libglog_la-symbolize.lo' failed
make: *** [src/libglog_la-symbolize.lo] Error 1
Makefile:1170: recipe for target 'src/libglog_la-logging.lo' failed
make: *** [src/libglog_la-logging.lo] Error 1
==> ERROR: A failure occurred in build().
    Aborting...
