==> Making package: mingw-w64-libx11 1.6.3-1 (Fri, Mar 18, 2016  1:40:34 AM)
==> Checking runtime dependencies...
==> Checking buildtime dependencies...
==> Retrieving sources...
  -> Found libX11-1.6.3.tar.bz2
  -> Found 0010-Ximpatch.patch
==> Validating source files with sha256sums...
    libX11-1.6.3.tar.bz2 ... Passed
    0010-Ximpatch.patch ... Skipped
==> Removing existing $srcdir/ directory...
==> Extracting sources...
  -> Extracting libX11-1.6.3.tar.bz2 with bsdtar
==> Starting prepare()...
patching file modules/im/ximcp/imDefIc.c
==> Removing existing $pkgdir/ directory...
==> Starting build()...
checking build system type... x86_64-pc-mingw64
checking host system type... x86_64-pc-mingw64
checking for gcc... gcc
checking whether the C compiler works... yes
checking for C compiler default output file name... a.exe
checking for suffix of executables... .exe
checking whether we are cross compiling... no
checking for suffix of object files... o
checking whether we are using the GNU C compiler... yes
checking whether gcc accepts -g... yes
checking for gcc option to accept ISO C89... none needed
checking whether gcc understands -c and -o together... yes
checking how to run the C preprocessor... gcc -E
checking for grep that handles long lines and -e... /usr/bin/grep
checking for egrep... /usr/bin/grep -E
checking for ANSI C header files... yes
checking for sys/types.h... yes
checking for sys/stat.h... yes
checking for stdlib.h... yes
checking for string.h... yes
checking for memory.h... yes
checking for strings.h... yes
checking for inttypes.h... yes
checking for stdint.h... yes
checking for unistd.h... yes
checking minix/config.h usability... no
checking minix/config.h presence... no
checking for minix/config.h... no
checking whether it is safe to define __EXTENSIONS__... yes
checking for a BSD-compatible install... /usr/bin/install -c
checking whether build environment is sane... yes
checking for a thread-safe mkdir -p... /usr/bin/mkdir -p
checking for gawk... gawk
checking whether make sets $(MAKE)... yes
checking for style of include used by make... GNU
checking whether make supports nested variables... yes
checking dependency style of gcc... gcc3
checking how to print strings... printf
checking for a sed that does not truncate output... /usr/bin/sed
checking for fgrep... /usr/bin/grep -F
checking for ld used by gcc... C:/msys64/mingw64/x86_64-w64-mingw32/bin/ld.exe
checking if the linker (C:/msys64/mingw64/x86_64-w64-mingw32/bin/ld.exe) is GNU ld... yes
checking for BSD- or MS-compatible name lister (nm)... /mingw64/bin/nm -B
checking the name lister (/mingw64/bin/nm -B) interface... BSD nm
checking whether ln -s works... yes
checking the maximum length of command line arguments... 8192
checking whether the shell understands some XSI constructs... yes
checking whether the shell understands "+="... yes
checking how to convert x86_64-pc-mingw64 file names to x86_64-pc-mingw64 format... func_convert_file_msys_to_w32
checking how to convert x86_64-pc-mingw64 file names to toolchain format... func_convert_file_msys_to_w32
checking for C:/msys64/mingw64/x86_64-w64-mingw32/bin/ld.exe option to reload object files... -r
checking for objdump... objdump
checking how to recognize dependent libraries... file_magic ^x86 archive import|^x86 DLL
checking for dlltool... dlltool
checking how to associate runtime and link libraries... func_cygming_dll_for_implib
checking for ar... ar
checking for archiver @FILE support... @
checking for strip... strip
checking for ranlib... ranlib
checking command to parse /mingw64/bin/nm -B output from gcc object... ok
checking for sysroot... no
checking for mt... no
checking if : is a manifest tool... no
checking for dlfcn.h... no
checking for objdir... .libs
checking if gcc supports -fno-rtti -fno-exceptions... no
checking for gcc option to produce PIC... -DDLL_EXPORT -DPIC
checking if gcc PIC flag -DDLL_EXPORT -DPIC works... yes
checking if gcc static flag -static works... yes
checking if gcc supports -c -o file.o... yes
checking if gcc supports -c -o file.o... (cached) yes
checking whether the gcc linker (C:/msys64/mingw64/x86_64-w64-mingw32/bin/ld.exe) supports shared libraries... yes
checking whether -lc should be explicitly linked in... yes
checking dynamic linker characteristics... Win32 ld.exe
checking how to hardcode library paths into programs... immediate
checking whether stripping libraries is possible... yes
checking if libtool supports shared libraries... yes
checking whether to build shared libraries... yes
checking whether to build static libraries... no
checking for gcc option to accept ISO C99... none needed
checking whether __clang__ is declared... no
checking whether __INTEL_COMPILER is declared... no
checking whether __SUNPRO_C is declared... no
checking for pkg-config... /mingw64/bin/pkg-config
checking pkg-config is at least version 0.9.0... yes
checking if gcc supports -Werror=unknown-warning-option... no
checking if gcc supports -Werror=unused-command-line-argument... no
checking if gcc supports -Wall... yes
checking if gcc supports -Wpointer-arith... yes
checking if gcc supports -Wmissing-declarations... yes
checking if gcc supports -Wformat=2... yes
checking if gcc supports -Wstrict-prototypes... yes
checking if gcc supports -Wmissing-prototypes... yes
checking if gcc supports -Wnested-externs... yes
checking if gcc supports -Wbad-function-cast... yes
checking if gcc supports -Wold-style-definition... yes
checking if gcc supports -Wdeclaration-after-statement... yes
checking if gcc supports -Wunused... yes
checking if gcc supports -Wuninitialized... yes
checking if gcc supports -Wshadow... yes
checking if gcc supports -Wmissing-noreturn... yes
checking if gcc supports -Wmissing-format-attribute... yes
checking if gcc supports -Wredundant-decls... yes
checking if gcc supports -Wlogical-op... yes
checking if gcc supports -Werror=implicit... yes
checking if gcc supports -Werror=nonnull... yes
checking if gcc supports -Werror=init-self... yes
checking if gcc supports -Werror=main... yes
checking if gcc supports -Werror=missing-braces... yes
checking if gcc supports -Werror=sequence-point... yes
checking if gcc supports -Werror=return-type... yes
checking if gcc supports -Werror=trigraphs... yes
checking if gcc supports -Werror=array-bounds... yes
checking if gcc supports -Werror=write-strings... yes
checking if gcc supports -Werror=address... yes
checking if gcc supports -Werror=int-to-pointer-cast... yes
checking if gcc supports -Werror=pointer-to-int-cast... yes
checking if gcc supports -pedantic... yes
checking if gcc supports -Werror... yes
checking if gcc supports -Werror=attributes... yes
checking whether make supports nested variables... (cached) yes
checking whether to build functional specifications... yes
checking for xmlto... no
configure: WARNING: xmlto not found - documentation targets will be skipped
checking for xsltproc... /mingw64/bin/xsltproc
checking for X.Org SGML entities >= 1.10... no
checking for cpp... /mingw64/bin/cpp
checking if /mingw64/bin/cpp requires -undef... no
checking if /mingw64/bin/cpp requires -traditional... yes
checking for perl... /usr/bin/perl
checking for pkg-config... (cached) /mingw64/bin/pkg-config
checking pkg-config is at least version 0.9.0... yes
checking for pkg-config... (cached) /mingw64/bin/pkg-config
checking pkg-config is at least version 0.9.0... yes
checking if Xtrans should support UNIX socket connections... no
checking if Xtrans should support TCP socket connections... yes
checking for library containing socket... no
checking for library containing gethostbyname... no
checking for main in -lws2_32... yes
checking for getaddrinfo... yes
checking if IPv6 support should be built... yes
checking for struct sockaddr_in.sin_len... no
checking for socklen_t... no
checking for struct msghdr.msg_control... no
configure: trying again with _XOPEN_SOURCE=600
checking for struct msghdr.msg_control... no
configure: trying again with _XOPEN_SOURCE=500
checking for struct msghdr.msg_control... no
checking if Xtrans should support os-specific local connections... no
checking for authdes_seccreate... no
checking for authdes_create... no
checking if Secure RPC authentication ("SUN-DES-1") should be supported... no
checking what order to try transports in for local connections... TCP_TRANS
checking if run-time linking is supported... checking for library containing dlopen... no
checking for library containing shl_load... no
no
checking if loadable i18n module support should be enabled... no
checking if loadable Xcursor library support should be enabled... no
checking sys/select.h usability... no
checking sys/select.h presence... no
checking for sys/select.h... no
checking for strtol... yes
checking for seteuid... no
checking whether issetugid is declared... no
checking for issetugid... no
checking for getresuid... no
checking for shmat... no
checking for launchd... no
checking for getpwuid_r in -lc... no
checking for pthread_self in -lc... no
checking for poll... no
checking keysym definitions...  C:/msys64/mingw64/include/X11/keysymdef.h C:/msys64/mingw64/include/X11/XF86keysym.h C:/msys64/mingw64/include/X11/Sunkeysym.h C:/msys64/mingw64/include/X11/DECkeysym.h C:/msys64/mingw64/include/X11/HPkeysym.h
checking if XLOCALEDIR support should be enabled... no
checking for stdlib.h... (cached) yes
checking for unistd.h... (cached) yes
checking for sys/param.h... yes
checking for getpagesize... yes
checking for working mmap... no
checking for nl_langinfo... no
checking for X11... yes
checking whether malloc(0) returns NULL... yes
checking that generated files are newer than configure... done
configure: creating ./config.status
config.status: creating Makefile
config.status: creating include/Makefile
config.status: creating man/Makefile
config.status: creating man/xkb/Makefile
config.status: creating src/Makefile
config.status: creating src/util/Makefile
config.status: creating src/xcms/Makefile
config.status: creating src/xlibi18n/Makefile
config.status: creating modules/Makefile
config.status: creating modules/im/Makefile
config.status: creating modules/im/ximcp/Makefile
config.status: creating modules/lc/Makefile
config.status: creating modules/lc/def/Makefile
config.status: creating modules/lc/gen/Makefile
config.status: creating modules/lc/Utf8/Makefile
config.status: creating modules/om/Makefile
config.status: creating modules/om/generic/Makefile
config.status: creating src/xkb/Makefile
config.status: creating nls/Makefile
config.status: creating specs/Makefile
config.status: creating specs/i18n/Makefile
config.status: creating specs/i18n/compose/Makefile
config.status: creating specs/i18n/framework/Makefile
config.status: creating specs/i18n/localedb/Makefile
config.status: creating specs/i18n/trans/Makefile
config.status: creating specs/libX11/Makefile
config.status: creating specs/XIM/Makefile
config.status: creating specs/XKB/Makefile
config.status: creating x11.pc
config.status: creating x11-xcb.pc
config.status: creating src/config.h
config.status: creating include/X11/XlibConf.h
config.status: executing depfiles commands
config.status: executing libtool commands

X11 will be built with the following settings:
 Loadable i18n module support:            no
 Loadable xcursor library support:        no
 Threading support:                       yes
 Use Threads safe API:                    no
 Threads stubs in libX11:                 yes
 XCMS:                                    yes
 Internationalization support:            yes
 XF86BigFont support:                     no
 XKB support:                             yes
 XLOCALEDIR environment variable support: no
 Compose table cache enabled:             no
 Functional specs building enabled:       yes

Making all in include
make[1]: Entering directory '/home/y_sasaki/msys2/mingw-packages-supplements/mingw-w64-libx11/src/libX11-1.6.3/include'
make[1]: Nothing to be done for 'all'.
make[1]: Leaving directory '/home/y_sasaki/msys2/mingw-packages-supplements/mingw-w64-libx11/src/libX11-1.6.3/include'
Making all in modules
make[1]: Entering directory '/home/y_sasaki/msys2/mingw-packages-supplements/mingw-w64-libx11/src/libX11-1.6.3/modules'
Making all in im
make[2]: Entering directory '/home/y_sasaki/msys2/mingw-packages-supplements/mingw-w64-libx11/src/libX11-1.6.3/modules/im'
Making all in ximcp
make[3]: Entering directory '/home/y_sasaki/msys2/mingw-packages-supplements/mingw-w64-libx11/src/libX11-1.6.3/modules/im/ximcp'
  CC       imCallbk.lo
  CC       imDefFlt.lo
  CC       imDefIc.lo
  CC       imDefIm.lo
  CC       imDefLkup.lo
imDefIc.c:1337:3: error: conflicting types for 'XIMArg'
 } XIMArg;
   ^
In file included from imDefIc.c:56:0:
../../../src/xlibi18n/Xlcint.h:98:3: note: previous declaration of 'XIMArg' was here
 } XIMArg;
   ^
imDefIc.c: In function '_XimGetInputStyle':
imDefIc.c:1348:21: error: cast from pointer to integer of different size [-Werror=pointer-to-int-cast]
      *input_style = (XIMStyle)p->value;
                     ^
imDefIc.c: At top level:
imDefIc.c:1418:1: error: conflicting types for '_XimProtoCreateIC'
 _XimProtoCreateIC(
 ^
In file included from imDefIc.c:57:0:
../../../src/xlibi18n/Ximint.h:535:13: note: previous declaration of '_XimProtoCreateIC' was here
 extern XIC  _XimProtoCreateIC(
             ^
imDefIc.c: In function '_XimProtoCreateIC':
imDefIc.c:1515:39: warning: passing argument 4 of '_XimEncodeICATTRIBUTE' from incompatible pointer type [-Wincompatible-pointer-types]
   ic->private.proto.ic_num_resources, arg, &arg_ret, data,
                                       ^
In file included from imDefIc.c:57:0:
../../../src/xlibi18n/Ximint.h:592:15: note: expected 'XIMArg * {aka struct <anonymous> *}' but argument is of type 'XIMArg * {aka struct <anonymous> *}'
 extern char * _XimEncodeICATTRIBUTE(
               ^
imDefIc.c:1515:44: warning: passing argument 5 of '_XimEncodeICATTRIBUTE' from incompatible pointer type [-Wincompatible-pointer-types]
   ic->private.proto.ic_num_resources, arg, &arg_ret, data,
                                            ^
In file included from imDefIc.c:57:0:
../../../src/xlibi18n/Ximint.h:592:15: note: expected 'XIMArg ** {aka struct <anonymous> **}' but argument is of type 'XIMArg ** {aka struct <anonymous> **}'
 extern char * _XimEncodeICATTRIBUTE(
               ^
cc1.exe: some warnings being treated as errors
imCallbk.c: In function '_XimPreeditCaretCallback':
imCallbk.c:627:8: warning: declaration of 'len' shadows a parameter [-Wshadow]
  INT16 len = sz_XIMID + sz_XICID + sz_ximPreeditCaretReply;
        ^
imCallbk.c:597:9: note: shadowed declaration is here
     int len)
         ^
Makefile:584: recipe for target 'imDefIc.lo' failed
make[3]: *** [imDefIc.lo] Error 1
make[3]: *** Waiting for unfinished jobs....
make[3]: Leaving directory '/home/y_sasaki/msys2/mingw-packages-supplements/mingw-w64-libx11/src/libX11-1.6.3/modules/im/ximcp'
Makefile:408: recipe for target 'all-recursive' failed
make[2]: *** [all-recursive] Error 1
make[2]: Leaving directory '/home/y_sasaki/msys2/mingw-packages-supplements/mingw-w64-libx11/src/libX11-1.6.3/modules/im'
Makefile:408: recipe for target 'all-recursive' failed
make[1]: *** [all-recursive] Error 1
make[1]: Leaving directory '/home/y_sasaki/msys2/mingw-packages-supplements/mingw-w64-libx11/src/libX11-1.6.3/modules'
Makefile:514: recipe for target 'all-recursive' failed
make: *** [all-recursive] Error 1
==> ERROR: A failure occurred in build().
    Aborting...
