==> Making package: mingw-w64-msgpack-c 1.4.0-1 (Mon, Feb 29, 2016 10:56:53 PM)
==> Checking runtime dependencies...
==> Checking buildtime dependencies...
==> Retrieving sources...
  -> Found msgpack-1.4.0.tar.gz
==> Validating source files with sha256sums...
    msgpack-1.4.0.tar.gz ... Passed
==> Extracting sources...
  -> Extracting msgpack-1.4.0.tar.gz with bsdtar
==> Removing existing $pkgdir/ directory...
==> Starting build()...
checking for a BSD-compatible install... /usr/bin/install -c
checking whether build environment is sane... yes
checking for a thread-safe mkdir -p... /usr/bin/mkdir -p
checking for gawk... gawk
checking whether make sets $(MAKE)... yes
checking whether make supports nested variables... yes
checking for gcc... gcc
checking whether the C compiler works... yes
checking for C compiler default output file name... a.exe
checking for suffix of executables... .exe
checking whether we are cross compiling... no
checking for suffix of object files... o
checking whether we are using the GNU C compiler... yes
checking whether gcc accepts -g... yes
checking for gcc option to accept ISO C89... none needed
checking whether gcc understands -c and -o together... yes
checking for style of include used by make... GNU
checking dependency style of gcc... gcc3
checking if C++ API is enabled... 
checking for g++... g++
checking whether we are using the GNU C++ compiler... yes
checking whether g++ accepts -g... yes
checking dependency style of g++... gcc3
checking build system type... x86_64-pc-mingw64
checking host system type... x86_64-pc-mingw64
checking how to print strings... printf
checking for a sed that does not truncate output... /usr/bin/sed
checking for grep that handles long lines and -e... /usr/bin/grep
checking for egrep... /usr/bin/grep -E
checking for fgrep... /usr/bin/grep -F
checking for ld used by gcc... C:/opt/msys64/mingw64/x86_64-w64-mingw32/bin/ld.exe
checking if the linker (C:/opt/msys64/mingw64/x86_64-w64-mingw32/bin/ld.exe) is GNU ld... yes
checking for BSD- or MS-compatible name lister (nm)... /mingw64/bin/nm -B
checking the name lister (/mingw64/bin/nm -B) interface... BSD nm
checking whether ln -s works... no, using cp -pR
checking the maximum length of command line arguments... 8192
checking how to convert x86_64-pc-mingw64 file names to x86_64-pc-mingw64 format... func_convert_file_msys_to_w32
checking how to convert x86_64-pc-mingw64 file names to toolchain format... func_convert_file_msys_to_w32
checking for C:/opt/msys64/mingw64/x86_64-w64-mingw32/bin/ld.exe option to reload object files... -r
checking for objdump... objdump
checking how to recognize dependent libraries... file_magic ^x86 archive import|^x86 DLL
checking for dlltool... dlltool
checking how to associate runtime and link libraries... func_cygming_dll_for_implib
checking for ar... ar
checking for archiver @FILE support... @
checking for strip... strip
checking for ranlib... ranlib
checking command to parse /mingw64/bin/nm -B output from gcc object... ok
checking for sysroot... no
checking for a working dd... /usr/bin/dd
checking how to truncate binary pipes... /usr/bin/dd bs=4096 count=1
checking for mt... no
checking if : is a manifest tool... no
checking how to run the C preprocessor... gcc -E
checking for ANSI C header files... yes
checking for sys/types.h... yes
checking for sys/stat.h... yes
checking for stdlib.h... yes
checking for string.h... yes
checking for memory.h... yes
checking for strings.h... yes
checking for inttypes.h... yes
checking for stdint.h... yes
checking for unistd.h... yes
checking for dlfcn.h... no
checking for objdir... .libs
checking if gcc supports -fno-rtti -fno-exceptions... no
checking for gcc option to produce PIC... -DDLL_EXPORT -DPIC
checking if gcc PIC flag -DDLL_EXPORT -DPIC works... yes
checking if gcc static flag -static works... yes
checking if gcc supports -c -o file.o... yes
checking if gcc supports -c -o file.o... (cached) yes
checking whether the gcc linker (C:/opt/msys64/mingw64/x86_64-w64-mingw32/bin/ld.exe) supports shared libraries... yes
checking whether -lc should be explicitly linked in... yes
checking dynamic linker characteristics... Win32 ld.exe
checking how to hardcode library paths into programs... immediate
checking whether stripping libraries is possible... yes
checking if libtool supports shared libraries... yes
checking whether to build shared libraries... yes
checking whether to build static libraries... yes
checking how to run the C++ preprocessor... g++ -E
checking for ld used by g++... C:/opt/msys64/mingw64/x86_64-w64-mingw32/bin/ld.exe
checking if the linker (C:/opt/msys64/mingw64/x86_64-w64-mingw32/bin/ld.exe) is GNU ld... yes
checking whether the g++ linker (C:/opt/msys64/mingw64/x86_64-w64-mingw32/bin/ld.exe) supports shared libraries... yes
checking for g++ option to produce PIC... -DDLL_EXPORT -DPIC
checking if g++ PIC flag -DDLL_EXPORT -DPIC works... yes
checking if g++ static flag -static works... yes
checking if g++ supports -c -o file.o... yes
checking if g++ supports -c -o file.o... (cached) yes
checking whether the g++ linker (C:/opt/msys64/mingw64/x86_64-w64-mingw32/bin/ld.exe) supports shared libraries... yes
checking dynamic linker characteristics... Win32 ld.exe
checking how to hardcode library paths into programs... immediate
checking dependency style of gcc... gcc3
checking if debug option is enabled... 
checking for __sync_* atomic operations... yes
checking that generated files are newer than configure... done
configure: creating ./config.status
config.status: creating Makefile
config.status: creating msgpack.pc
config.status: creating src/Makefile
config.status: creating test/Makefile
config.status: creating config.h
config.status: config.h is unchanged
config.status: executing depfiles commands
config.status: executing libtool commands
make  all-recursive
make[1]: Entering directory '/home/y_sasaki/work/mingw-packages-supplements/mingw-w64-msgpack-c/src/msgpack-1.4.0'
Making all in src
make[2]: Entering directory '/home/y_sasaki/work/mingw-packages-supplements/mingw-w64-msgpack-c/src/msgpack-1.4.0/src'
make[2]: Nothing to be done for 'all'.
make[2]: Leaving directory '/home/y_sasaki/work/mingw-packages-supplements/mingw-w64-msgpack-c/src/msgpack-1.4.0/src'
Making all in test
make[2]: Entering directory '/home/y_sasaki/work/mingw-packages-supplements/mingw-w64-msgpack-c/src/msgpack-1.4.0/test'
make[2]: Nothing to be done for 'all'.
make[2]: Leaving directory '/home/y_sasaki/work/mingw-packages-supplements/mingw-w64-msgpack-c/src/msgpack-1.4.0/test'
make[2]: Entering directory '/home/y_sasaki/work/mingw-packages-supplements/mingw-w64-msgpack-c/src/msgpack-1.4.0'
make[2]: Leaving directory '/home/y_sasaki/work/mingw-packages-supplements/mingw-w64-msgpack-c/src/msgpack-1.4.0'
make[1]: Leaving directory '/home/y_sasaki/work/mingw-packages-supplements/mingw-w64-msgpack-c/src/msgpack-1.4.0'
==> Starting check()...
Making check in src
make[1]: Entering directory '/home/y_sasaki/work/mingw-packages-supplements/mingw-w64-msgpack-c/src/msgpack-1.4.0/src'
make[1]: Nothing to be done for 'check'.
make[1]: Leaving directory '/home/y_sasaki/work/mingw-packages-supplements/mingw-w64-msgpack-c/src/msgpack-1.4.0/src'
Making check in test
make[1]: Entering directory '/home/y_sasaki/work/mingw-packages-supplements/mingw-w64-msgpack-c/src/msgpack-1.4.0/test'
make  array_ref.exe buffer.exe cases.exe convert.exe fixint.exe fixint_c.exe json.exe limit.exe msgpack_basic.exe msgpack_c.exe msgpack_container.exe msgpack_stream.exe msgpack_tuple.exe msgpack_vref.exe object.exe object_with_zone.exe pack_unpack.exe pack_unpack_c.exe raw.exe reference.exe streaming.exe streaming_c.exe user_class.exe version.exe zone.exe boost_fusion.exe boost_variant.exe boost_optional.exe boost_string_ref.exe iterator_cpp11.exe msgpack_cpp11.exe reference_cpp11.exe reference_wrapper_cpp11.exe shared_ptr_cpp11.exe unique_ptr_cpp11.exe multi_file.exe
make[2]: Entering directory '/home/y_sasaki/work/mingw-packages-supplements/mingw-w64-msgpack-c/src/msgpack-1.4.0/test'
make[2]: 'array_ref.exe' is up to date.
make[2]: 'buffer.exe' is up to date.
make[2]: 'cases.exe' is up to date.
make[2]: 'convert.exe' is up to date.
make[2]: 'fixint.exe' is up to date.
make[2]: 'fixint_c.exe' is up to date.
make[2]: 'json.exe' is up to date.
make[2]: 'limit.exe' is up to date.
g++ -DHAVE_CONFIG_H -I. -I..  -I../include -pthread -DMSGPACK_DISABLE_LEGACY_NIL -DMSGPACK_DISABLE_LEGACY_CONVERT -D_FORTIFY_SOURCE=2 -D__USE_MINGW_ANSI_STDIO=1  -O3 -Wall -Wextra -Wno-mismatched-tags -Werror -march=x86-64 -mtune=generic -O2 -pipe -g -MT msgpack_basic.o -MD -MP -MF .deps/msgpack_basic.Tpo -c -o msgpack_basic.o msgpack_basic.cpp
g++ -DHAVE_CONFIG_H -I. -I..  -I../include -pthread -DMSGPACK_DISABLE_LEGACY_NIL -DMSGPACK_DISABLE_LEGACY_CONVERT -D_FORTIFY_SOURCE=2 -D__USE_MINGW_ANSI_STDIO=1  -O3 -Wall -Wextra -Wno-mismatched-tags -Werror -march=x86-64 -mtune=generic -O2 -pipe -g -MT msgpack_c.o -MD -MP -MF .deps/msgpack_c.Tpo -c -o msgpack_c.o msgpack_c.cpp
g++ -DHAVE_CONFIG_H -I. -I..  -I../include -pthread -DMSGPACK_DISABLE_LEGACY_NIL -DMSGPACK_DISABLE_LEGACY_CONVERT -D_FORTIFY_SOURCE=2 -D__USE_MINGW_ANSI_STDIO=1  -O3 -Wall -Wextra -Wno-mismatched-tags -Werror -march=x86-64 -mtune=generic -O2 -pipe -g -MT msgpack_stream.o -MD -MP -MF .deps/msgpack_stream.Tpo -c -o msgpack_stream.o msgpack_stream.cpp
g++ -DHAVE_CONFIG_H -I. -I..  -I../include -pthread -DMSGPACK_DISABLE_LEGACY_NIL -DMSGPACK_DISABLE_LEGACY_CONVERT -D_FORTIFY_SOURCE=2 -D__USE_MINGW_ANSI_STDIO=1  -O3 -Wall -Wextra -Wno-mismatched-tags -Werror -march=x86-64 -mtune=generic -O2 -pipe -g -MT msgpack_tuple.o -MD -MP -MF .deps/msgpack_tuple.Tpo -c -o msgpack_tuple.o msgpack_tuple.cpp
msgpack_c.cpp: In member function 'virtual void MSGPACKC_simple_buffer_float_Test::TestBody()':
msgpack_c.cpp:12:32: error: 'drand48' was not declared in this scope
 #define msgpack_rand() drand48()
                                ^
msgpack_c.cpp:209:36: note: in expansion of macro 'msgpack_rand'
     v.push_back(static_cast<float>(msgpack_rand()));
                                    ^
msgpack_c.cpp: In member function 'virtual void MSGPACKC_simple_buffer_double_Test::TestBody()':
msgpack_c.cpp:12:32: error: 'drand48' was not declared in this scope
 #define msgpack_rand() drand48()
                                ^
msgpack_c.cpp:274:17: note: in expansion of macro 'msgpack_rand'
     v.push_back(msgpack_rand());
                 ^
At global scope:
cc1plus.exe: error: unrecognized command line option '-Wno-mismatched-tags' [-Werror]
cc1plus.exe: all warnings being treated as errors
/bin/sh ../libtool  --tag=CXX   --mode=link g++  -O3 -Wall -Wextra -Wno-mismatched-tags -Werror -march=x86-64 -mtune=generic -O2 -pipe -g ../src/libmsgpackc.la -lgtest_main -lgtest -lpthread -pipe -o msgpack_container.exe msgpack_container.o  
Makefile:926: recipe for target 'msgpack_c.o' failed
make[2]: *** [msgpack_c.o] Error 1
make[2]: *** Waiting for unfinished jobs....
libtool: link: g++ -O3 -Wall -Wextra -Wno-mismatched-tags -Werror -march=x86-64 -mtune=generic -O2 -pipe -g -pipe -o .libs/msgpack_container.exe msgpack_container.o  ../src/.libs/libmsgpackc.dll.a -lgtest_main -lgtest -lpthread -L/mingw64/lib
msgpack_basic.cpp: In member function 'virtual void MSGPACK_simple_buffer_float_Test::TestBody()':
msgpack_basic.cpp:17:32: error: 'drand48' was not declared in this scope
 #define msgpack_rand() drand48()
                                ^
msgpack_basic.cpp:168:36: note: in expansion of macro 'msgpack_rand'
     v.push_back(static_cast<float>(msgpack_rand()));
                                    ^
msgpack_basic.cpp: In member function 'virtual void MSGPACK_simple_buffer_double_Test::TestBody()':
msgpack_basic.cpp:17:32: error: 'drand48' was not declared in this scope
 #define msgpack_rand() drand48()
                                ^
msgpack_basic.cpp:256:17: note: in expansion of macro 'msgpack_rand'
     v.push_back(msgpack_rand());
                 ^
msgpack_basic.cpp:17:32: error: 'drand48' was not declared in this scope
 #define msgpack_rand() drand48()
                                ^
msgpack_basic.cpp:261:17: note: in expansion of macro 'msgpack_rand'
     v.push_back(msgpack_rand());
                 ^
At global scope:
cc1plus.exe: error: unrecognized command line option '-Wno-mismatched-tags' [-Werror]
cc1plus.exe: all warnings being treated as errors
Makefile:926: recipe for target 'msgpack_basic.o' failed
make[2]: *** [msgpack_basic.o] Error 1
mv -f .deps/msgpack_tuple.Tpo .deps/msgpack_tuple.Po
mv -f .deps/msgpack_stream.Tpo .deps/msgpack_stream.Po
make[2]: Leaving directory '/home/y_sasaki/work/mingw-packages-supplements/mingw-w64-msgpack-c/src/msgpack-1.4.0/test'
Makefile:1443: recipe for target 'check-am' failed
make[1]: *** [check-am] Error 2
make[1]: Leaving directory '/home/y_sasaki/work/mingw-packages-supplements/mingw-w64-msgpack-c/src/msgpack-1.4.0/test'
Makefile:471: recipe for target 'check-recursive' failed
make: *** [check-recursive] Error 1
==> ERROR: A failure occurred in check().
    Aborting...
